<?xml version="1.0" encoding="UTF-8"?>
<!-- Generated by org.testng.reporters.JUnitReportReporter -->
<testsuite hostname="PYR-SW-041" name="testCase.dataentry" tests="2" failures="0" timestamp="5 Feb 2018 09:19:29 GMT" time="16.386" errors="0">
  <testcase name="login" time="2.341" classname="testCase.dataentry"/>
  <testcase name="dddd" time="14.045" classname="testCase.dataentry"/>
</testsuite> <!-- testCase.dataentry -->
