<?xml version="1.0" encoding="UTF-8"?>
<!-- Generated by org.testng.reporters.JUnitReportReporter -->
<testsuite hostname="PYR-SW-041" name="testCase.Regcase" tests="5" failures="0" timestamp="22 Feb 2018 13:47:34 GMT" time="10.846" errors="0">
  <testcase name="clickcase" time="1.956" classname="testCase.Regcase"/>
  <testcase name="homepage" time="0.080" classname="testCase.Regcase"/>
  <testcase name="entry" time="5.160" classname="testCase.Regcase"/>
  <testcase name="selectcheck1" time="2.142" classname="testCase.Regcase"/>
  <testcase name="Login" time="1.508" classname="testCase.Regcase"/>
</testsuite> <!-- testCase.Regcase -->
