<?xml version="1.0" encoding="UTF-8"?>
<!-- Generated by org.testng.reporters.JUnitReportReporter -->
<testsuite hostname="PYR-SW-041" name="testCase.basicflow2" tests="5" failures="0" timestamp="22 Feb 2018 13:57:16 GMT" time="10.064" errors="0">
  <testcase name="homepage" time="0.082" classname="testCase.basicflow2"/>
  <testcase name="clickcase" time="0.852" classname="testCase.basicflow2"/>
  <testcase name="Login" time="1.586" classname="testCase.basicflow2"/>
  <testcase name="entry" time="5.399" classname="testCase.basicflow2"/>
  <testcase name="selectcheck1" time="2.145" classname="testCase.basicflow2"/>
</testsuite> <!-- testCase.basicflow2 -->
