<?xml version="1.0" encoding="UTF-8"?>
<!-- Generated by org.testng.reporters.JUnitReportReporter -->
<testsuite hostname="PYR-SW-041" name="testCase.basicflow" tests="2" failures="0" timestamp="9 Feb 2018 11:32:14 GMT" time="236.977" errors="0">
  <testcase name="dataentry" time="234.793" classname="testCase.basicflow"/>
  <testcase name="login" time="2.184" classname="testCase.basicflow"/>
</testsuite> <!-- testCase.basicflow -->
